2023-01-22 13:33:24 INFO  Log:11 - =====================================LoginTest TEST START=========================================
2023-01-22 13:33:24 INFO  Log:22 - User is going to click on sign in
2023-01-22 13:33:25 INFO  Log:22 - Enter username and password
2023-01-22 13:33:26 INFO  Log:22 - Verifying whether user is able to login
2023-01-22 13:33:26 INFO  Log:22 - Login is success
2023-01-22 13:33:26 INFO  Log:15 - =====================================Test Case ends TEST END=========================================
2023-01-22 20:35:24 INFO  Log:11 - =====================================LoginTest TEST START=========================================
2023-01-22 20:35:24 INFO  Log:22 - User is going to click on sign in
2023-01-22 20:35:25 INFO  Log:22 - Enter username and password
2023-01-22 20:35:26 INFO  Log:22 - Verifying whether user is able to login
2023-01-22 20:35:26 INFO  Log:22 - Login is success
2023-01-22 20:35:26 INFO  Log:15 - =====================================Test Case ends TEST END=========================================
2023-01-22 20:38:30 INFO  Log:11 - =====================================LoginTest TEST START=========================================
2023-01-22 20:38:30 INFO  Log:22 - User is going to click on sign in
2023-01-22 20:38:31 INFO  Log:22 - Enter username and password
2023-01-22 20:38:32 INFO  Log:22 - Verifying whether user is able to login
2023-01-22 20:38:32 INFO  Log:22 - Login is success
2023-01-22 20:38:32 INFO  Log:15 - =====================================Test Case ends TEST END=========================================
2023-01-22 20:38:37 INFO  Log:11 - =====================================LoginTest TEST START=========================================
2023-01-22 20:38:37 INFO  Log:22 - User is going to click on sign in
2023-01-22 20:38:38 INFO  Log:22 - Enter username and password
2023-01-22 20:38:39 INFO  Log:22 - Verifying whether user is able to login
2023-01-22 20:39:02 INFO  Log:11 - =====================================LoginTest TEST START=========================================
2023-01-22 20:39:02 INFO  Log:22 - User is going to click on sign in
2023-01-22 20:39:03 INFO  Log:22 - Enter username and password
2023-01-22 20:39:04 INFO  Log:22 - Verifying whether user is able to login
2023-01-22 20:39:04 INFO  Log:22 - Login is success
2023-01-22 20:39:04 INFO  Log:15 - =====================================Test Case ends TEST END=========================================
2023-01-22 20:39:09 INFO  Log:11 - =====================================LoginTest TEST START=========================================
2023-01-22 20:39:09 INFO  Log:22 - User is going to click on sign in
2023-01-22 20:39:10 INFO  Log:22 - Enter username and password
2023-01-22 20:39:11 INFO  Log:22 - Verifying whether user is able to login
2023-01-23 19:11:09 INFO  Log:11 - =====================================LoginTest TEST START=========================================
2023-01-23 19:11:09 INFO  Log:22 - User is going to click on sign in
2023-01-23 19:11:09 INFO  Log:22 - Enter username and password
2023-01-23 19:11:10 INFO  Log:22 - Verifying whether user is able to login
2023-01-23 19:11:10 INFO  Log:22 - Login is success
2023-01-23 19:11:10 INFO  Log:15 - =====================================Test Case ends TEST END=========================================
2023-01-23 19:11:12 INFO  Log:11 - =====================================LoginTest TEST START=========================================
2023-01-23 19:11:12 INFO  Log:22 - User is going to click on sign in
2023-01-23 19:11:12 INFO  Log:22 - Enter username and password
2023-01-23 19:11:13 INFO  Log:22 - Verifying whether user is able to login
2023-01-23 19:12:07 INFO  Log:11 - =====================================LoginTest TEST START=========================================
2023-01-23 19:12:07 INFO  Log:22 - User is going to click on sign in
2023-01-23 19:12:08 INFO  Log:22 - Enter username and password
2023-01-23 19:12:08 INFO  Log:22 - Verifying whether user is able to login
2023-01-23 19:12:08 INFO  Log:22 - Login is success
2023-01-23 19:12:08 INFO  Log:15 - =====================================Test Case ends TEST END=========================================
2023-01-23 19:12:10 INFO  Log:11 - =====================================LoginTest TEST START=========================================
2023-01-23 19:12:10 INFO  Log:22 - User is going to click on sign in
2023-01-23 19:12:11 INFO  Log:22 - Enter username and password
2023-01-23 19:12:11 INFO  Log:22 - Verifying whether user is able to login
2023-01-23 19:39:44 INFO  Log:11 - =====================================LoginTest TEST START=========================================
2023-01-23 19:39:44 INFO  Log:22 - User is going to click on sign in
2023-01-23 19:39:44 INFO  Log:22 - Enter username and password
2023-01-23 19:39:45 INFO  Log:22 - Verifying whether user is able to login
2023-01-23 19:39:45 INFO  Log:22 - Login is success
2023-01-23 19:39:45 INFO  Log:15 - =====================================Test Case ends TEST END=========================================
2023-01-23 19:39:47 INFO  Log:11 - =====================================LoginTest TEST START=========================================
2023-01-23 19:39:47 INFO  Log:22 - User is going to click on sign in
2023-01-23 19:39:47 INFO  Log:22 - Enter username and password
2023-01-23 19:39:48 INFO  Log:22 - Verifying whether user is able to login
2023-01-23 19:40:45 INFO  Log:11 - =====================================LoginTest TEST START=========================================
2023-01-23 19:40:45 INFO  Log:22 - User is going to click on sign in
2023-01-23 19:40:46 INFO  Log:22 - Enter username and password
2023-01-23 19:40:46 INFO  Log:22 - Verifying whether user is able to login
2023-01-23 19:40:46 INFO  Log:22 - Login is success
2023-01-23 19:40:46 INFO  Log:15 - =====================================Test Case ends TEST END=========================================
2023-01-23 19:40:48 INFO  Log:11 - =====================================LoginTest TEST START=========================================
2023-01-23 19:40:48 INFO  Log:22 - User is going to click on sign in
2023-01-23 19:40:49 INFO  Log:22 - Enter username and password
2023-01-23 19:40:49 INFO  Log:22 - Verifying whether user is able to login
2023-01-23 19:41:51 INFO  Log:11 - =====================================LoginTest TEST START=========================================
2023-01-23 19:41:51 INFO  Log:22 - User is going to click on sign in
2023-01-23 19:41:52 INFO  Log:22 - Enter username and password
2023-01-23 19:41:53 INFO  Log:22 - Verifying whether user is able to login
2023-01-23 19:41:53 INFO  Log:22 - Login is success
2023-01-23 19:41:53 INFO  Log:15 - =====================================Test Case ends TEST END=========================================
2023-01-23 19:41:54 INFO  Log:11 - =====================================LoginTest TEST START=========================================
2023-01-23 19:41:54 INFO  Log:22 - User is going to click on sign in
2023-01-23 19:41:55 INFO  Log:22 - Enter username and password
2023-01-23 19:41:55 INFO  Log:22 - Verifying whether user is able to login
2023-01-24 17:41:42 INFO  Log:11 - =====================================VerifyTotalPrice TEST START=========================================
2023-01-24 17:41:52 INFO  Log:11 - =====================================LoginTest TEST START=========================================
2023-01-24 17:41:52 INFO  Log:22 - User is going to click on sign in
2023-01-24 17:41:53 INFO  Log:22 - Enter username and password
2023-01-24 17:41:54 INFO  Log:22 - Verifying whether user is able to login
2023-01-24 17:41:54 INFO  Log:22 - Login is success
2023-01-24 17:41:54 INFO  Log:15 - =====================================Test Case ends TEST END=========================================
2023-01-24 17:41:56 INFO  Log:11 - =====================================LoginTest TEST START=========================================
2023-01-24 17:41:56 INFO  Log:22 - User is going to click on sign in
2023-01-24 17:41:57 INFO  Log:22 - Enter username and password
2023-01-24 17:41:58 INFO  Log:22 - Verifying whether user is able to login
2023-01-24 17:43:17 INFO  Log:11 - =====================================VerifyTotalPrice TEST START=========================================
2023-01-24 18:14:01 INFO  Log:11 - =====================================VerifyTotalPrice TEST START=========================================
2023-01-24 18:14:12 INFO  Log:11 - =====================================LoginTest TEST START=========================================
2023-01-24 18:14:12 INFO  Log:22 - User is going to click on sign in
2023-01-24 18:14:12 INFO  Log:22 - Enter username and password
2023-01-24 18:14:13 INFO  Log:22 - Verifying whether user is able to login
2023-01-24 18:14:13 INFO  Log:22 - Login is success
2023-01-24 18:14:13 INFO  Log:15 - =====================================Test Case ends TEST END=========================================
2023-01-24 18:14:15 INFO  Log:11 - =====================================LoginTest TEST START=========================================
2023-01-24 18:14:15 INFO  Log:22 - User is going to click on sign in
2023-01-24 18:14:16 INFO  Log:22 - Enter username and password
2023-01-24 18:14:17 INFO  Log:22 - Verifying whether user is able to login
2023-01-24 18:14:17 INFO  Log:22 - Login is success
2023-01-24 18:14:17 INFO  Log:15 - =====================================Test Case ends TEST END=========================================
2023-01-24 18:14:32 DEBUG cache:45 - Couldn't find template in cache for "v3html/v3-html-index.ftl"("en", UTF-8, parsed); will try to load it.
2023-01-24 18:14:32 DEBUG cache:45 - TemplateLoader.findTemplateSource("v3html/v3-html-index_en.ftl"): Not found
2023-01-24 18:14:32 DEBUG cache:45 - TemplateLoader.findTemplateSource("v3html/v3-html-index.ftl"): Found
2023-01-24 18:14:32 DEBUG cache:45 - Loading template for "v3html/v3-html-index.ftl"("en", UTF-8, parsed) from "jar:file:/C:/Users/singh/.m2/repository/com/aventstack/extentreports/4.0.9/extentreports-4.0.9.jar!/com/aventstack/extentreports/view/v3html/v3-html-index.ftl"
2023-01-24 18:14:32 DEBUG cache:45 - Couldn't find template in cache for "v3html/v3-html-head.ftl"("en", UTF-8, parsed); will try to load it.
2023-01-24 18:14:32 DEBUG cache:45 - TemplateLoader.findTemplateSource("v3html/v3-html-head_en.ftl"): Not found
2023-01-24 18:14:32 DEBUG cache:45 - TemplateLoader.findTemplateSource("v3html/v3-html-head.ftl"): Found
2023-01-24 18:14:32 DEBUG cache:45 - Loading template for "v3html/v3-html-head.ftl"("en", UTF-8, parsed) from "jar:file:/C:/Users/singh/.m2/repository/com/aventstack/extentreports/4.0.9/extentreports-4.0.9.jar!/com/aventstack/extentreports/view/v3html/v3-html-head.ftl"
2023-01-24 18:14:32 DEBUG cache:45 - Couldn't find template in cache for "v3html/v3-html-nav.ftl"("en", UTF-8, parsed); will try to load it.
2023-01-24 18:14:32 DEBUG cache:45 - TemplateLoader.findTemplateSource("v3html/v3-html-nav_en.ftl"): Not found
2023-01-24 18:14:32 DEBUG cache:45 - TemplateLoader.findTemplateSource("v3html/v3-html-nav.ftl"): Found
2023-01-24 18:14:32 DEBUG cache:45 - Loading template for "v3html/v3-html-nav.ftl"("en", UTF-8, parsed) from "jar:file:/C:/Users/singh/.m2/repository/com/aventstack/extentreports/4.0.9/extentreports-4.0.9.jar!/com/aventstack/extentreports/view/v3html/v3-html-nav.ftl"
2023-01-24 18:14:32 DEBUG cache:45 - Couldn't find template in cache for "v3html/test-view/v3-html-test-view.ftl"("en", UTF-8, parsed); will try to load it.
2023-01-24 18:14:32 DEBUG cache:45 - TemplateLoader.findTemplateSource("v3html/test-view/v3-html-test-view_en.ftl"): Not found
2023-01-24 18:14:32 DEBUG cache:45 - TemplateLoader.findTemplateSource("v3html/test-view/v3-html-test-view.ftl"): Found
2023-01-24 18:14:32 DEBUG cache:45 - Loading template for "v3html/test-view/v3-html-test-view.ftl"("en", UTF-8, parsed) from "jar:file:/C:/Users/singh/.m2/repository/com/aventstack/extentreports/4.0.9/extentreports-4.0.9.jar!/com/aventstack/extentreports/view/v3html/test-view/v3-html-test-view.ftl"
2023-01-24 18:14:32 DEBUG cache:45 - Couldn't find template in cache for "v3html/test-view/v3-html-test-view-charts.ftl"("en", UTF-8, parsed); will try to load it.
2023-01-24 18:14:32 DEBUG cache:45 - TemplateLoader.findTemplateSource("v3html/test-view/v3-html-test-view-charts_en.ftl"): Not found
2023-01-24 18:14:32 DEBUG cache:45 - TemplateLoader.findTemplateSource("v3html/test-view/v3-html-test-view-charts.ftl"): Found
2023-01-24 18:14:32 DEBUG cache:45 - Loading template for "v3html/test-view/v3-html-test-view-charts.ftl"("en", UTF-8, parsed) from "jar:file:/C:/Users/singh/.m2/repository/com/aventstack/extentreports/4.0.9/extentreports-4.0.9.jar!/com/aventstack/extentreports/view/v3html/test-view/v3-html-test-view-charts.ftl"
2023-01-24 18:14:32 DEBUG cache:45 - Couldn't find template in cache for "v3html/test-view/v3-html-standard.ftl"("en", UTF-8, parsed); will try to load it.
2023-01-24 18:14:32 DEBUG cache:45 - TemplateLoader.findTemplateSource("v3html/test-view/v3-html-standard_en.ftl"): Not found
2023-01-24 18:14:32 DEBUG cache:45 - TemplateLoader.findTemplateSource("v3html/test-view/v3-html-standard.ftl"): Found
2023-01-24 18:14:32 DEBUG cache:45 - Loading template for "v3html/test-view/v3-html-standard.ftl"("en", UTF-8, parsed) from "jar:file:/C:/Users/singh/.m2/repository/com/aventstack/extentreports/4.0.9/extentreports-4.0.9.jar!/com/aventstack/extentreports/view/v3html/test-view/v3-html-standard.ftl"
2023-01-24 18:14:32 DEBUG cache:45 - "v3html/test-view/v3-html-standard.ftl"("en", UTF-8, parsed) cached copy not yet stale; using cached.
2023-01-24 18:14:32 DEBUG cache:45 - "v3html/test-view/v3-html-standard.ftl"("en", UTF-8, parsed) cached copy not yet stale; using cached.
2023-01-24 18:14:32 DEBUG cache:45 - "v3html/test-view/v3-html-standard.ftl"("en", UTF-8, parsed) cached copy not yet stale; using cached.
2023-01-24 18:14:32 DEBUG cache:45 - "v3html/test-view/v3-html-standard.ftl"("en", UTF-8, parsed) cached copy not yet stale; using cached.
2023-01-24 18:14:32 DEBUG cache:45 - "v3html/test-view/v3-html-standard.ftl"("en", UTF-8, parsed) cached copy not yet stale; using cached.
2023-01-24 18:14:32 DEBUG cache:45 - "v3html/test-view/v3-html-standard.ftl"("en", UTF-8, parsed) cached copy not yet stale; using cached.
2023-01-24 18:14:32 DEBUG cache:45 - "v3html/test-view/v3-html-standard.ftl"("en", UTF-8, parsed) cached copy not yet stale; using cached.
2023-01-24 18:14:32 DEBUG cache:45 - "v3html/test-view/v3-html-standard.ftl"("en", UTF-8, parsed) cached copy not yet stale; using cached.
2023-01-24 18:14:32 DEBUG cache:45 - Couldn't find template in cache for "v3html/category-view/v3-html-category-view.ftl"("en", UTF-8, parsed); will try to load it.
2023-01-24 18:14:32 DEBUG cache:45 - TemplateLoader.findTemplateSource("v3html/category-view/v3-html-category-view_en.ftl"): Not found
2023-01-24 18:14:32 DEBUG cache:45 - TemplateLoader.findTemplateSource("v3html/category-view/v3-html-category-view.ftl"): Found
2023-01-24 18:14:32 DEBUG cache:45 - Loading template for "v3html/category-view/v3-html-category-view.ftl"("en", UTF-8, parsed) from "jar:file:/C:/Users/singh/.m2/repository/com/aventstack/extentreports/4.0.9/extentreports-4.0.9.jar!/com/aventstack/extentreports/view/v3html/category-view/v3-html-category-view.ftl"
2023-01-24 18:14:32 DEBUG cache:45 - Couldn't find template in cache for "v3html/exception-view/v3-html-exception-view.ftl"("en", UTF-8, parsed); will try to load it.
2023-01-24 18:14:32 DEBUG cache:45 - TemplateLoader.findTemplateSource("v3html/exception-view/v3-html-exception-view_en.ftl"): Not found
2023-01-24 18:14:32 DEBUG cache:45 - TemplateLoader.findTemplateSource("v3html/exception-view/v3-html-exception-view.ftl"): Found
2023-01-24 18:14:32 DEBUG cache:45 - Loading template for "v3html/exception-view/v3-html-exception-view.ftl"("en", UTF-8, parsed) from "jar:file:/C:/Users/singh/.m2/repository/com/aventstack/extentreports/4.0.9/extentreports-4.0.9.jar!/com/aventstack/extentreports/view/v3html/exception-view/v3-html-exception-view.ftl"
2023-01-24 18:14:32 DEBUG cache:45 - Couldn't find template in cache for "v3html/author-view/v3-html-author-view.ftl"("en", UTF-8, parsed); will try to load it.
2023-01-24 18:14:32 DEBUG cache:45 - TemplateLoader.findTemplateSource("v3html/author-view/v3-html-author-view_en.ftl"): Not found
2023-01-24 18:14:32 DEBUG cache:45 - TemplateLoader.findTemplateSource("v3html/author-view/v3-html-author-view.ftl"): Found
2023-01-24 18:14:32 DEBUG cache:45 - Loading template for "v3html/author-view/v3-html-author-view.ftl"("en", UTF-8, parsed) from "jar:file:/C:/Users/singh/.m2/repository/com/aventstack/extentreports/4.0.9/extentreports-4.0.9.jar!/com/aventstack/extentreports/view/v3html/author-view/v3-html-author-view.ftl"
2023-01-24 18:14:32 DEBUG cache:45 - Couldn't find template in cache for "v3html/dashboard-view/v3-html-dashboard-view.ftl"("en", UTF-8, parsed); will try to load it.
2023-01-24 18:14:32 DEBUG cache:45 - TemplateLoader.findTemplateSource("v3html/dashboard-view/v3-html-dashboard-view_en.ftl"): Not found
2023-01-24 18:14:32 DEBUG cache:45 - TemplateLoader.findTemplateSource("v3html/dashboard-view/v3-html-dashboard-view.ftl"): Found
2023-01-24 18:14:32 DEBUG cache:45 - Loading template for "v3html/dashboard-view/v3-html-dashboard-view.ftl"("en", UTF-8, parsed) from "jar:file:/C:/Users/singh/.m2/repository/com/aventstack/extentreports/4.0.9/extentreports-4.0.9.jar!/com/aventstack/extentreports/view/v3html/dashboard-view/v3-html-dashboard-view.ftl"
2023-01-24 18:14:32 DEBUG cache:45 - Couldn't find template in cache for "v3html/logs-view/v3-html-testrunner-logs-view.ftl"("en", UTF-8, parsed); will try to load it.
2023-01-24 18:14:32 DEBUG cache:45 - TemplateLoader.findTemplateSource("v3html/logs-view/v3-html-testrunner-logs-view_en.ftl"): Not found
2023-01-24 18:14:32 DEBUG cache:45 - TemplateLoader.findTemplateSource("v3html/logs-view/v3-html-testrunner-logs-view.ftl"): Found
2023-01-24 18:14:32 DEBUG cache:45 - Loading template for "v3html/logs-view/v3-html-testrunner-logs-view.ftl"("en", UTF-8, parsed) from "jar:file:/C:/Users/singh/.m2/repository/com/aventstack/extentreports/4.0.9/extentreports-4.0.9.jar!/com/aventstack/extentreports/view/v3html/logs-view/v3-html-testrunner-logs-view.ftl"
